2016/07/13 18:04:34 [info] [jeff.test] 开始修改个人资料：shixf
in /data/wwwroot/newshoptest.youtaidu.com/taidu_shop/app_api/website/api/controllers/v1_1/OptionController.php (290)
in /data/wwwroot/newshoptest.youtaidu.com/taidu_shop/app_api/website/api.php (14)
2016/07/13 18:04:34 [info] [jeff.test] /data/wwwroot/newshoptest.youtaidu.com/taidu_shop/app_api/website/images/2016071318/
in /data/wwwroot/newshoptest.youtaidu.com/taidu_shop/app_api/website/api/components/PublicController.php (435)
in /data/wwwroot/newshoptest.youtaidu.com/taidu_shop/app_api/website/api/controllers/v1_1/OptionController.php (295)
in /data/wwwroot/newshoptest.youtaidu.com/taidu_shop/app_api/website/api.php (14)
2016/07/13 18:05:42 [info] [jeff.test] 开始修改个人资料：shixf
in /data/wwwroot/newshoptest.youtaidu.com/taidu_shop/app_api/website/api/controllers/v1_1/OptionController.php (290)
in /data/wwwroot/newshoptest.youtaidu.com/taidu_shop/app_api/website/api.php (14)
2016/07/13 18:05:42 [info] [jeff.test] /data/wwwroot/newshoptest.youtaidu.com/taidu_shop/app_api/website/images/2016071318/
in /data/wwwroot/newshoptest.youtaidu.com/taidu_shop/app_api/website/api/components/PublicController.php (435)
in /data/wwwroot/newshoptest.youtaidu.com/taidu_shop/app_api/website/api/controllers/v1_1/OptionController.php (295)
in /data/wwwroot/newshoptest.youtaidu.com/taidu_shop/app_api/website/api.php (14)
2016/07/13 18:06:05 [info] [jeff.test] 开始修改个人资料：zmyjjj
in /data/wwwroot/newshoptest.youtaidu.com/taidu_shop/app_api/website/api/controllers/v1_1/OptionController.php (290)
in /data/wwwroot/newshoptest.youtaidu.com/taidu_shop/app_api/website/api.php (14)
2016/07/13 18:06:05 [info] [jeff.test] /data/wwwroot/newshoptest.youtaidu.com/taidu_shop/app_api/website/images/2016071318/
in /data/wwwroot/newshoptest.youtaidu.com/taidu_shop/app_api/website/api/components/PublicController.php (435)
in /data/wwwroot/newshoptest.youtaidu.com/taidu_shop/app_api/website/api/controllers/v1_1/OptionController.php (295)
in /data/wwwroot/newshoptest.youtaidu.com/taidu_shop/app_api/website/api.php (14)
2016/07/13 18:06:17 [info] [jeff.test] 开始修改个人资料：zmyjjj
in /data/wwwroot/newshoptest.youtaidu.com/taidu_shop/app_api/website/api/controllers/v1_1/OptionController.php (290)
in /data/wwwroot/newshoptest.youtaidu.com/taidu_shop/app_api/website/api.php (14)
2016/07/13 18:06:17 [info] [jeff.test] /data/wwwroot/newshoptest.youtaidu.com/taidu_shop/app_api/website/images/2016071318/
in /data/wwwroot/newshoptest.youtaidu.com/taidu_shop/app_api/website/api/components/PublicController.php (435)
in /data/wwwroot/newshoptest.youtaidu.com/taidu_shop/app_api/website/api/controllers/v1_1/OptionController.php (295)
in /data/wwwroot/newshoptest.youtaidu.com/taidu_shop/app_api/website/api.php (14)
2016/07/13 18:06:30 [info] [jeff.test] 开始修改个人资料：shixf
in /data/wwwroot/newshoptest.youtaidu.com/taidu_shop/app_api/website/api/controllers/v1_1/OptionController.php (290)
in /data/wwwroot/newshoptest.youtaidu.com/taidu_shop/app_api/website/api.php (14)
2016/07/13 18:06:30 [info] [jeff.test] /data/wwwroot/newshoptest.youtaidu.com/taidu_shop/app_api/website/images/2016071318/
in /data/wwwroot/newshoptest.youtaidu.com/taidu_shop/app_api/website/api/components/PublicController.php (435)
in /data/wwwroot/newshoptest.youtaidu.com/taidu_shop/app_api/website/api/controllers/v1_1/OptionController.php (295)
in /data/wwwroot/newshoptest.youtaidu.com/taidu_shop/app_api/website/api.php (14)
2016/07/13 18:08:27 [info] [jeff.test] 开始修改个人资料：shixf
in /data/wwwroot/newshoptest.youtaidu.com/taidu_shop/app_api/website/api/controllers/v1_1/OptionController.php (290)
in /data/wwwroot/newshoptest.youtaidu.com/taidu_shop/app_api/website/api.php (14)
2016/07/14 10:01:08 [info] [jeff.test] 开始修改个人资料：vvcczz
in /data/wwwroot/newshoptest.youtaidu.com/taidu_shop/app_api/website/api/controllers/v1_1/OptionController.php (290)
in /data/wwwroot/newshoptest.youtaidu.com/taidu_shop/app_api/website/api.php (14)
2016/07/14 10:01:21 [info] [jeff.test] 开始修改个人资料：vvcczz
in /data/wwwroot/newshoptest.youtaidu.com/taidu_shop/app_api/website/api/controllers/v1_1/OptionController.php (290)
in /data/wwwroot/newshoptest.youtaidu.com/taidu_shop/app_api/website/api.php (14)
2016/07/14 10:01:24 [info] [jeff.test] 开始修改个人资料：vvcczz
in /data/wwwroot/newshoptest.youtaidu.com/taidu_shop/app_api/website/api/controllers/v1_1/OptionController.php (290)
in /data/wwwroot/newshoptest.youtaidu.com/taidu_shop/app_api/website/api.php (14)
2016/07/14 10:11:00 [info] [jeff.test] 开始修改个人资料：vvcczz
in /data/wwwroot/newshoptest.youtaidu.com/taidu_shop/app_api/website/api/controllers/v1_1/OptionController.php (290)
in /data/wwwroot/newshoptest.youtaidu.com/taidu_shop/app_api/website/api.php (14)
2016/07/14 10:11:29 [info] [jeff.test] 开始修改个人资料：vvcczz
in /data/wwwroot/newshoptest.youtaidu.com/taidu_shop/app_api/website/api/controllers/v1_1/OptionController.php (290)
in /data/wwwroot/newshoptest.youtaidu.com/taidu_shop/app_api/website/api.php (14)
2016/07/14 10:14:52 [info] [jeff.test] 开始修改个人资料：fenghuim
in /data/wwwroot/newshoptest.youtaidu.com/taidu_shop/app_api/website/api/controllers/v1_1/OptionController.php (290)
in /data/wwwroot/newshoptest.youtaidu.com/taidu_shop/app_api/website/api.php (14)
2016/07/14 10:14:57 [info] [jeff.test] 开始修改个人资料：fenghuim
in /data/wwwroot/newshoptest.youtaidu.com/taidu_shop/app_api/website/api/controllers/v1_1/OptionController.php (290)
in /data/wwwroot/newshoptest.youtaidu.com/taidu_shop/app_api/website/api.php (14)
2016/07/14 10:14:59 [info] [jeff.test] 开始修改个人资料：fenghuim
in /data/wwwroot/newshoptest.youtaidu.com/taidu_shop/app_api/website/api/controllers/v1_1/OptionController.php (290)
in /data/wwwroot/newshoptest.youtaidu.com/taidu_shop/app_api/website/api.php (14)
2016/07/14 10:15:41 [info] [jeff.test] 开始修改个人资料：fenghuim
in /data/wwwroot/newshoptest.youtaidu.com/taidu_shop/app_api/website/api/controllers/v1_1/OptionController.php (290)
in /data/wwwroot/newshoptest.youtaidu.com/taidu_shop/app_api/website/api.php (14)
2016/07/14 10:15:41 [info] [jeff.test] 开始插入游戏：
in /data/wwwroot/newshoptest.youtaidu.com/taidu_shop/app_api/website/api/controllers/v1_1/OptionController.php (310)
in /data/wwwroot/newshoptest.youtaidu.com/taidu_shop/app_api/website/api.php (14)
2016/07/14 10:15:41 [info] [jeff.test] 更新个人资料成功：
in /data/wwwroot/newshoptest.youtaidu.com/taidu_shop/app_api/website/api/controllers/v1_1/OptionController.php (361)
in /data/wwwroot/newshoptest.youtaidu.com/taidu_shop/app_api/website/api.php (14)
2016/07/14 10:15:54 [info] [jeff.test] 开始修改个人资料：fenghuim
in /data/wwwroot/newshoptest.youtaidu.com/taidu_shop/app_api/website/api/controllers/v1_1/OptionController.php (290)
in /data/wwwroot/newshoptest.youtaidu.com/taidu_shop/app_api/website/api.php (14)
2016/07/14 10:20:53 [info] [jeff.test] 开始修改个人资料：shixf
in /data/wwwroot/newshoptest.youtaidu.com/taidu_shop/app_api/website/api/controllers/v1_1/OptionController.php (290)
in /data/wwwroot/newshoptest.youtaidu.com/taidu_shop/app_api/website/api.php (14)
2016/07/14 10:20:53 [info] [jeff.test] 开始保存头像
in /data/wwwroot/newshoptest.youtaidu.com/taidu_shop/app_api/website/api/controllers/v1_1/OptionController.php (295)
in /data/wwwroot/newshoptest.youtaidu.com/taidu_shop/app_api/website/api.php (14)
2016/07/14 10:23:15 [info] [jeff.test] 开始修改个人资料：vvcczz
in /data/wwwroot/newshoptest.youtaidu.com/taidu_shop/app_api/website/api/controllers/v1_1/OptionController.php (290)
in /data/wwwroot/newshoptest.youtaidu.com/taidu_shop/app_api/website/api.php (14)
2016/07/14 10:23:15 [info] [jeff.test] 开始保存头像
in /data/wwwroot/newshoptest.youtaidu.com/taidu_shop/app_api/website/api/controllers/v1_1/OptionController.php (295)
in /data/wwwroot/newshoptest.youtaidu.com/taidu_shop/app_api/website/api.php (14)
2016/07/14 10:26:50 [info] [jeff.test] /data/wwwroot/newshoptest.youtaidu.com/taidu_shop/api/OSS/Common.php
in /data/wwwroot/newshoptest.youtaidu.com/taidu_shop/app_api/website/api/components/PublicController.php (3)
in /data/wwwroot/newshoptest.youtaidu.com/taidu_shop/app_api/website/api/controllers/v1_1/OptionController.php (3)
in /data/wwwroot/newshoptest.youtaidu.com/taidu_shop/app_api/website/api.php (14)
2016/07/14 10:26:50 [info] [jeff.test] 开始修改个人资料：shixf
in /data/wwwroot/newshoptest.youtaidu.com/taidu_shop/app_api/website/api/controllers/v1_1/OptionController.php (290)
in /data/wwwroot/newshoptest.youtaidu.com/taidu_shop/app_api/website/api.php (14)
2016/07/14 10:26:50 [info] [jeff.test] 开始保存头像
in /data/wwwroot/newshoptest.youtaidu.com/taidu_shop/app_api/website/api/controllers/v1_1/OptionController.php (295)
in /data/wwwroot/newshoptest.youtaidu.com/taidu_shop/app_api/website/api.php (14)
2016/07/14 10:27:30 [info] [jeff.test] /data/wwwroot/newshoptest.youtaidu.com/taidu_shop/api/OSS/Common.php
in /data/wwwroot/newshoptest.youtaidu.com/taidu_shop/app_api/website/api/components/PublicController.php (3)
in /data/wwwroot/newshoptest.youtaidu.com/taidu_shop/app_api/website/api/controllers/v1_1/OptionController.php (3)
in /data/wwwroot/newshoptest.youtaidu.com/taidu_shop/app_api/website/api.php (14)
2016/07/14 10:28:06 [info] [jeff.test] /data/wwwroot/newshoptest.youtaidu.com/taidu_shop/api/OSS/Common.php
in /data/wwwroot/newshoptest.youtaidu.com/taidu_shop/app_api/website/api/components/PublicController.php (3)
in /data/wwwroot/newshoptest.youtaidu.com/taidu_shop/app_api/website/api/controllers/v1_1/OptionController.php (3)
in /data/wwwroot/newshoptest.youtaidu.com/taidu_shop/app_api/website/api.php (14)
2016/07/14 10:28:06 [info] [jeff.test] 开始修改个人资料：vvcczz
in /data/wwwroot/newshoptest.youtaidu.com/taidu_shop/app_api/website/api/controllers/v1_1/OptionController.php (289)
in /data/wwwroot/newshoptest.youtaidu.com/taidu_shop/app_api/website/api.php (14)
2016/07/14 10:28:17 [info] [jeff.test] /data/wwwroot/newshoptest.youtaidu.com/taidu_shop/api/OSS/Common.php
in /data/wwwroot/newshoptest.youtaidu.com/taidu_shop/app_api/website/api/components/PublicController.php (3)
in /data/wwwroot/newshoptest.youtaidu.com/taidu_shop/app_api/website/api/controllers/v1_1/OptionController.php (3)
in /data/wwwroot/newshoptest.youtaidu.com/taidu_shop/app_api/website/api.php (14)
2016/07/14 10:28:21 [info] [jeff.test] /data/wwwroot/newshoptest.youtaidu.com/taidu_shop/api/OSS/Common.php
in /data/wwwroot/newshoptest.youtaidu.com/taidu_shop/app_api/website/api/components/PublicController.php (3)
in /data/wwwroot/newshoptest.youtaidu.com/taidu_shop/app_api/website/api/controllers/v1_1/OptionController.php (3)
in /data/wwwroot/newshoptest.youtaidu.com/taidu_shop/app_api/website/api.php (14)
2016/07/14 10:28:25 [info] [jeff.test] /data/wwwroot/newshoptest.youtaidu.com/taidu_shop/api/OSS/Common.php
in /data/wwwroot/newshoptest.youtaidu.com/taidu_shop/app_api/website/api/components/PublicController.php (3)
in /data/wwwroot/newshoptest.youtaidu.com/taidu_shop/app_api/website/api/controllers/v1_1/OptionController.php (3)
in /data/wwwroot/newshoptest.youtaidu.com/taidu_shop/app_api/website/api.php (14)
2016/07/14 10:28:36 [info] [jeff.test] /data/wwwroot/newshoptest.youtaidu.com/taidu_shop/api/OSS/Common.php
in /data/wwwroot/newshoptest.youtaidu.com/taidu_shop/app_api/website/api/components/PublicController.php (3)
in /data/wwwroot/newshoptest.youtaidu.com/taidu_shop/app_api/website/api/controllers/v1_1/UserController.php (3)
in /data/wwwroot/newshoptest.youtaidu.com/taidu_shop/app_api/website/api.php (14)
2016/07/14 10:29:13 [info] [jeff.test] /data/wwwroot/newshoptest.youtaidu.com/taidu_shop/api/OSS/Common.php
in /data/wwwroot/newshoptest.youtaidu.com/taidu_shop/app_api/website/api/components/PublicController.php (3)
in /data/wwwroot/newshoptest.youtaidu.com/taidu_shop/app_api/website/api/controllers/v1_1/OptionController.php (3)
in /data/wwwroot/newshoptest.youtaidu.com/taidu_shop/app_api/website/api.php (14)
2016/07/14 10:29:13 [info] [jeff.test] 开始修改个人资料：woshihaoren
in /data/wwwroot/newshoptest.youtaidu.com/taidu_shop/app_api/website/api/controllers/v1_1/OptionController.php (289)
in /data/wwwroot/newshoptest.youtaidu.com/taidu_shop/app_api/website/api.php (14)
2016/07/14 10:29:22 [info] [jeff.test] /data/wwwroot/newshoptest.youtaidu.com/taidu_shop/api/OSS/Common.php
in /data/wwwroot/newshoptest.youtaidu.com/taidu_shop/app_api/website/api/components/PublicController.php (3)
in /data/wwwroot/newshoptest.youtaidu.com/taidu_shop/app_api/website/api/controllers/v1_1/OptionController.php (3)
in /data/wwwroot/newshoptest.youtaidu.com/taidu_shop/app_api/website/api.php (14)
2016/07/14 10:29:22 [info] [jeff.test] 开始修改个人资料：woshihaoren
in /data/wwwroot/newshoptest.youtaidu.com/taidu_shop/app_api/website/api/controllers/v1_1/OptionController.php (289)
in /data/wwwroot/newshoptest.youtaidu.com/taidu_shop/app_api/website/api.php (14)
2016/07/14 10:29:46 [info] [jeff.test] /data/wwwroot/newshoptest.youtaidu.com/taidu_shop/api/OSS/Common.php
in /data/wwwroot/newshoptest.youtaidu.com/taidu_shop/app_api/website/api/components/PublicController.php (3)
in /data/wwwroot/newshoptest.youtaidu.com/taidu_shop/app_api/website/api/controllers/v1_1/OptionController.php (3)
in /data/wwwroot/newshoptest.youtaidu.com/taidu_shop/app_api/website/api.php (14)
2016/07/14 10:29:46 [info] [jeff.test] 开始修改个人资料：woshihaoren
in /data/wwwroot/newshoptest.youtaidu.com/taidu_shop/app_api/website/api/controllers/v1_1/OptionController.php (289)
in /data/wwwroot/newshoptest.youtaidu.com/taidu_shop/app_api/website/api.php (14)
2016/07/14 10:31:00 [info] [jeff.test] /data/wwwroot/newshoptest.youtaidu.com/taidu_shop/api/OSS/Common.php
in /data/wwwroot/newshoptest.youtaidu.com/taidu_shop/app_api/website/api/components/PublicController.php (3)
in /data/wwwroot/newshoptest.youtaidu.com/taidu_shop/app_api/website/api/controllers/v1_1/OptionController.php (3)
in /data/wwwroot/newshoptest.youtaidu.com/taidu_shop/app_api/website/api.php (14)
2016/07/14 10:31:00 [info] [jeff.test] 开始修改个人资料：woshihaoren
in /data/wwwroot/newshoptest.youtaidu.com/taidu_shop/app_api/website/api/controllers/v1_1/OptionController.php (289)
in /data/wwwroot/newshoptest.youtaidu.com/taidu_shop/app_api/website/api.php (14)
2016/07/14 10:31:00 [info] [jeff.test] 开始上传头像到oss
in /data/wwwroot/newshoptest.youtaidu.com/taidu_shop/app_api/website/api/components/PublicController.php (452)
in /data/wwwroot/newshoptest.youtaidu.com/taidu_shop/app_api/website/api/controllers/v1_1/OptionController.php (294)
in /data/wwwroot/newshoptest.youtaidu.com/taidu_shop/app_api/website/api.php (14)
2016/07/14 10:31:00 [info] [jeff.test] 取得bucket成功
in /data/wwwroot/newshoptest.youtaidu.com/taidu_shop/app_api/website/api/components/PublicController.php (455)
in /data/wwwroot/newshoptest.youtaidu.com/taidu_shop/app_api/website/api/controllers/v1_1/OptionController.php (294)
in /data/wwwroot/newshoptest.youtaidu.com/taidu_shop/app_api/website/api.php (14)
2016/07/14 10:31:05 [info] [jeff.test] /data/wwwroot/newshoptest.youtaidu.com/taidu_shop/api/OSS/Common.php
in /data/wwwroot/newshoptest.youtaidu.com/taidu_shop/app_api/website/api/components/PublicController.php (3)
in /data/wwwroot/newshoptest.youtaidu.com/taidu_shop/app_api/website/api/controllers/v1_1/OptionController.php (3)
in /data/wwwroot/newshoptest.youtaidu.com/taidu_shop/app_api/website/api.php (14)
2016/07/14 10:31:05 [info] [jeff.test] 开始修改个人资料：shixf
in /data/wwwroot/newshoptest.youtaidu.com/taidu_shop/app_api/website/api/controllers/v1_1/OptionController.php (289)
in /data/wwwroot/newshoptest.youtaidu.com/taidu_shop/app_api/website/api.php (14)
2016/07/14 10:31:05 [info] [jeff.test] 开始上传头像到oss
in /data/wwwroot/newshoptest.youtaidu.com/taidu_shop/app_api/website/api/components/PublicController.php (452)
in /data/wwwroot/newshoptest.youtaidu.com/taidu_shop/app_api/website/api/controllers/v1_1/OptionController.php (294)
in /data/wwwroot/newshoptest.youtaidu.com/taidu_shop/app_api/website/api.php (14)
2016/07/14 10:31:05 [info] [jeff.test] 取得bucket成功
in /data/wwwroot/newshoptest.youtaidu.com/taidu_shop/app_api/website/api/components/PublicController.php (455)
in /data/wwwroot/newshoptest.youtaidu.com/taidu_shop/app_api/website/api/controllers/v1_1/OptionController.php (294)
in /data/wwwroot/newshoptest.youtaidu.com/taidu_shop/app_api/website/api.php (14)
2016/07/14 10:32:33 [info] [jeff.test] /data/wwwroot/newshoptest.youtaidu.com/taidu_shop/api/OSS/Common.php
in /data/wwwroot/newshoptest.youtaidu.com/taidu_shop/app_api/website/api/components/PublicController.php (3)
in /data/wwwroot/newshoptest.youtaidu.com/taidu_shop/app_api/website/api/controllers/v1_1/OptionController.php (3)
in /data/wwwroot/newshoptest.youtaidu.com/taidu_shop/app_api/website/api.php (14)
2016/07/14 10:32:33 [info] [jeff.test] 开始修改个人资料：woshihaoren
in /data/wwwroot/newshoptest.youtaidu.com/taidu_shop/app_api/website/api/controllers/v1_1/OptionController.php (289)
in /data/wwwroot/newshoptest.youtaidu.com/taidu_shop/app_api/website/api.php (14)
2016/07/14 10:32:33 [info] [jeff.test] 开始上传头像到oss
in /data/wwwroot/newshoptest.youtaidu.com/taidu_shop/app_api/website/api/components/PublicController.php (452)
in /data/wwwroot/newshoptest.youtaidu.com/taidu_shop/app_api/website/api/controllers/v1_1/OptionController.php (294)
in /data/wwwroot/newshoptest.youtaidu.com/taidu_shop/app_api/website/api.php (14)
2016/07/14 10:32:33 [info] [jeff.test] 取得bucket成功
in /data/wwwroot/newshoptest.youtaidu.com/taidu_shop/app_api/website/api/components/PublicController.php (455)
in /data/wwwroot/newshoptest.youtaidu.com/taidu_shop/app_api/website/api/controllers/v1_1/OptionController.php (294)
in /data/wwwroot/newshoptest.youtaidu.com/taidu_shop/app_api/website/api.php (14)
2016/07/14 10:32:37 [info] [jeff.test] /data/wwwroot/newshoptest.youtaidu.com/taidu_shop/api/OSS/Common.php
in /data/wwwroot/newshoptest.youtaidu.com/taidu_shop/app_api/website/api/components/PublicController.php (3)
in /data/wwwroot/newshoptest.youtaidu.com/taidu_shop/app_api/website/api/controllers/v1_1/UserController.php (3)
in /data/wwwroot/newshoptest.youtaidu.com/taidu_shop/app_api/website/api.php (14)
2016/07/14 10:32:40 [info] [jeff.test] /data/wwwroot/newshoptest.youtaidu.com/taidu_shop/api/OSS/Common.php
in /data/wwwroot/newshoptest.youtaidu.com/taidu_shop/app_api/website/api/components/PublicController.php (3)
in /data/wwwroot/newshoptest.youtaidu.com/taidu_shop/app_api/website/api/controllers/v1_1/UploadController.php (2)
in /data/wwwroot/newshoptest.youtaidu.com/taidu_shop/app_api/website/api.php (14)
2016/07/14 10:32:43 [info] [jeff.test] /data/wwwroot/newshoptest.youtaidu.com/taidu_shop/api/OSS/Common.php
in /data/wwwroot/newshoptest.youtaidu.com/taidu_shop/app_api/website/api/components/PublicController.php (3)
in /data/wwwroot/newshoptest.youtaidu.com/taidu_shop/app_api/website/api/controllers/v1_1/UploadController.php (2)
in /data/wwwroot/newshoptest.youtaidu.com/taidu_shop/app_api/website/api.php (14)
2016/07/14 10:32:56 [info] [jeff.test] /data/wwwroot/newshoptest.youtaidu.com/taidu_shop/api/OSS/Common.php
in /data/wwwroot/newshoptest.youtaidu.com/taidu_shop/app_api/website/api/components/PublicController.php (3)
in /data/wwwroot/newshoptest.youtaidu.com/taidu_shop/app_api/website/api/controllers/v1_1/UserController.php (3)
in /data/wwwroot/newshoptest.youtaidu.com/taidu_shop/app_api/website/api.php (14)
2016/07/14 10:33:01 [info] [jeff.test] /data/wwwroot/newshoptest.youtaidu.com/taidu_shop/api/OSS/Common.php
in /data/wwwroot/newshoptest.youtaidu.com/taidu_shop/app_api/website/api/components/PublicController.php (3)
in /data/wwwroot/newshoptest.youtaidu.com/taidu_shop/app_api/website/api/controllers/v1_1/OptionController.php (3)
in /data/wwwroot/newshoptest.youtaidu.com/taidu_shop/app_api/website/api.php (14)
2016/07/14 10:33:01 [info] [jeff.test] 开始修改个人资料：woshihaoren
in /data/wwwroot/newshoptest.youtaidu.com/taidu_shop/app_api/website/api/controllers/v1_1/OptionController.php (289)
in /data/wwwroot/newshoptest.youtaidu.com/taidu_shop/app_api/website/api.php (14)
2016/07/14 10:33:01 [info] [jeff.test] 开始上传头像到oss
in /data/wwwroot/newshoptest.youtaidu.com/taidu_shop/app_api/website/api/components/PublicController.php (452)
in /data/wwwroot/newshoptest.youtaidu.com/taidu_shop/app_api/website/api/controllers/v1_1/OptionController.php (294)
in /data/wwwroot/newshoptest.youtaidu.com/taidu_shop/app_api/website/api.php (14)
2016/07/14 10:33:01 [info] [jeff.test] 取得bucket成功
in /data/wwwroot/newshoptest.youtaidu.com/taidu_shop/app_api/website/api/components/PublicController.php (455)
in /data/wwwroot/newshoptest.youtaidu.com/taidu_shop/app_api/website/api/controllers/v1_1/OptionController.php (294)
in /data/wwwroot/newshoptest.youtaidu.com/taidu_shop/app_api/website/api.php (14)
2016/07/14 10:33:15 [info] [jeff.test] /data/wwwroot/newshoptest.youtaidu.com/taidu_shop/api/OSS/Common.php
in /data/wwwroot/newshoptest.youtaidu.com/taidu_shop/app_api/website/api/components/PublicController.php (3)
in /data/wwwroot/newshoptest.youtaidu.com/taidu_shop/app_api/website/api/controllers/v1_1/OptionController.php (3)
in /data/wwwroot/newshoptest.youtaidu.com/taidu_shop/app_api/website/api.php (14)
2016/07/14 10:35:55 [info] [jeff.test] /data/wwwroot/newshoptest.youtaidu.com/taidu_shop/api/OSS/Common.php
in /data/wwwroot/newshoptest.youtaidu.com/taidu_shop/app_api/website/api/components/PublicController.php (3)
in /data/wwwroot/newshoptest.youtaidu.com/taidu_shop/app_api/website/api/controllers/v1_1/OptionController.php (3)
in /data/wwwroot/newshoptest.youtaidu.com/taidu_shop/app_api/website/api.php (14)
2016/07/14 10:35:55 [info] [jeff.test] 开始修改个人资料：woshihaoren
in /data/wwwroot/newshoptest.youtaidu.com/taidu_shop/app_api/website/api/controllers/v1_1/OptionController.php (289)
in /data/wwwroot/newshoptest.youtaidu.com/taidu_shop/app_api/website/api.php (14)
2016/07/14 10:35:55 [info] [jeff.test] 开始上传头像到oss
in /data/wwwroot/newshoptest.youtaidu.com/taidu_shop/app_api/website/api/components/PublicController.php (452)
in /data/wwwroot/newshoptest.youtaidu.com/taidu_shop/app_api/website/api/controllers/v1_1/OptionController.php (294)
in /data/wwwroot/newshoptest.youtaidu.com/taidu_shop/app_api/website/api.php (14)
2016/07/14 10:35:55 [info] [jeff.test] 取得bucket成功
in /data/wwwroot/newshoptest.youtaidu.com/taidu_shop/app_api/website/api/components/PublicController.php (455)
in /data/wwwroot/newshoptest.youtaidu.com/taidu_shop/app_api/website/api/controllers/v1_1/OptionController.php (294)
in /data/wwwroot/newshoptest.youtaidu.com/taidu_shop/app_api/website/api.php (14)
2016/07/14 10:36:57 [info] [jeff.test] /data/wwwroot/newshoptest.youtaidu.com/taidu_shop/api/OSS/Common.php
in /data/wwwroot/newshoptest.youtaidu.com/taidu_shop/app_api/website/api/components/PublicController.php (3)
in /data/wwwroot/newshoptest.youtaidu.com/taidu_shop/app_api/website/api/controllers/v1_1/RecordController.php (2)
in /data/wwwroot/newshoptest.youtaidu.com/taidu_shop/app_api/website/api.php (14)
2016/07/14 10:37:42 [info] [jeff.test] /data/wwwroot/newshoptest.youtaidu.com/taidu_shop/api/OSS/Common.php
in /data/wwwroot/newshoptest.youtaidu.com/taidu_shop/app_api/website/api/components/PublicController.php (3)
in /data/wwwroot/newshoptest.youtaidu.com/taidu_shop/app_api/website/api/controllers/v1_1/OptionController.php (3)
in /data/wwwroot/newshoptest.youtaidu.com/taidu_shop/app_api/website/api.php (14)
2016/07/14 10:37:42 [info] [jeff.test] 开始修改个人资料：woshihaoren
in /data/wwwroot/newshoptest.youtaidu.com/taidu_shop/app_api/website/api/controllers/v1_1/OptionController.php (289)
in /data/wwwroot/newshoptest.youtaidu.com/taidu_shop/app_api/website/api.php (14)
2016/07/14 10:37:42 [info] [jeff.test] 开始上传头像到oss
in /data/wwwroot/newshoptest.youtaidu.com/taidu_shop/app_api/website/api/components/PublicController.php (452)
in /data/wwwroot/newshoptest.youtaidu.com/taidu_shop/app_api/website/api/controllers/v1_1/OptionController.php (294)
in /data/wwwroot/newshoptest.youtaidu.com/taidu_shop/app_api/website/api.php (14)
2016/07/14 10:37:42 [info] [jeff.test] 取得bucket成功
in /data/wwwroot/newshoptest.youtaidu.com/taidu_shop/app_api/website/api/components/PublicController.php (455)
in /data/wwwroot/newshoptest.youtaidu.com/taidu_shop/app_api/website/api/controllers/v1_1/OptionController.php (294)
in /data/wwwroot/newshoptest.youtaidu.com/taidu_shop/app_api/website/api.php (14)
2016/07/14 10:38:20 [info] [jeff.test] /data/wwwroot/newshoptest.youtaidu.com/taidu_shop/api/OSS/Common.php
in /data/wwwroot/newshoptest.youtaidu.com/taidu_shop/app_api/website/api/components/PublicController.php (3)
in /data/wwwroot/newshoptest.youtaidu.com/taidu_shop/app_api/website/api/controllers/v1_1/OptionController.php (3)
in /data/wwwroot/newshoptest.youtaidu.com/taidu_shop/app_api/website/api.php (14)
2016/07/14 10:38:20 [info] [jeff.test] 开始修改个人资料：shixf
in /data/wwwroot/newshoptest.youtaidu.com/taidu_shop/app_api/website/api/controllers/v1_1/OptionController.php (289)
in /data/wwwroot/newshoptest.youtaidu.com/taidu_shop/app_api/website/api.php (14)
2016/07/14 10:38:20 [info] [jeff.test] 开始上传头像到oss
in /data/wwwroot/newshoptest.youtaidu.com/taidu_shop/app_api/website/api/components/PublicController.php (452)
in /data/wwwroot/newshoptest.youtaidu.com/taidu_shop/app_api/website/api/controllers/v1_1/OptionController.php (294)
in /data/wwwroot/newshoptest.youtaidu.com/taidu_shop/app_api/website/api.php (14)
2016/07/14 10:38:20 [info] [jeff.test] 取得bucket成功
in /data/wwwroot/newshoptest.youtaidu.com/taidu_shop/app_api/website/api/components/PublicController.php (455)
in /data/wwwroot/newshoptest.youtaidu.com/taidu_shop/app_api/website/api/controllers/v1_1/OptionController.php (294)
in /data/wwwroot/newshoptest.youtaidu.com/taidu_shop/app_api/website/api.php (14)
2016/07/14 10:38:20 [info] [jeff.test] 取得ossclient成功
in /data/wwwroot/newshoptest.youtaidu.com/taidu_shop/app_api/website/api/components/PublicController.php (457)
in /data/wwwroot/newshoptest.youtaidu.com/taidu_shop/app_api/website/api/controllers/v1_1/OptionController.php (294)
in /data/wwwroot/newshoptest.youtaidu.com/taidu_shop/app_api/website/api.php (14)
2016/07/14 10:38:20 [info] [jeff.test] 开始插入游戏：
in /data/wwwroot/newshoptest.youtaidu.com/taidu_shop/app_api/website/api/controllers/v1_1/OptionController.php (309)
in /data/wwwroot/newshoptest.youtaidu.com/taidu_shop/app_api/website/api.php (14)
2016/07/14 10:38:20 [info] [jeff.test] 更新个人资料成功：
in /data/wwwroot/newshoptest.youtaidu.com/taidu_shop/app_api/website/api/controllers/v1_1/OptionController.php (360)
in /data/wwwroot/newshoptest.youtaidu.com/taidu_shop/app_api/website/api.php (14)
2016/07/14 10:38:29 [info] [jeff.test] /data/wwwroot/newshoptest.youtaidu.com/taidu_shop/api/OSS/Common.php
in /data/wwwroot/newshoptest.youtaidu.com/taidu_shop/app_api/website/api/components/PublicController.php (3)
in /data/wwwroot/newshoptest.youtaidu.com/taidu_shop/app_api/website/api/controllers/v1_1/OptionController.php (3)
in /data/wwwroot/newshoptest.youtaidu.com/taidu_shop/app_api/website/api.php (14)
2016/07/14 10:38:29 [info] [jeff.test] 开始修改个人资料：woshihaoren
in /data/wwwroot/newshoptest.youtaidu.com/taidu_shop/app_api/website/api/controllers/v1_1/OptionController.php (289)
in /data/wwwroot/newshoptest.youtaidu.com/taidu_shop/app_api/website/api.php (14)
2016/07/14 10:38:29 [info] [jeff.test] 开始上传头像到oss
in /data/wwwroot/newshoptest.youtaidu.com/taidu_shop/app_api/website/api/components/PublicController.php (452)
in /data/wwwroot/newshoptest.youtaidu.com/taidu_shop/app_api/website/api/controllers/v1_1/OptionController.php (294)
in /data/wwwroot/newshoptest.youtaidu.com/taidu_shop/app_api/website/api.php (14)
2016/07/14 10:38:29 [info] [jeff.test] 取得bucket成功
in /data/wwwroot/newshoptest.youtaidu.com/taidu_shop/app_api/website/api/components/PublicController.php (455)
in /data/wwwroot/newshoptest.youtaidu.com/taidu_shop/app_api/website/api/controllers/v1_1/OptionController.php (294)
in /data/wwwroot/newshoptest.youtaidu.com/taidu_shop/app_api/website/api.php (14)
2016/07/14 10:38:29 [info] [jeff.test] 取得ossclient成功
in /data/wwwroot/newshoptest.youtaidu.com/taidu_shop/app_api/website/api/components/PublicController.php (457)
in /data/wwwroot/newshoptest.youtaidu.com/taidu_shop/app_api/website/api/controllers/v1_1/OptionController.php (294)
in /data/wwwroot/newshoptest.youtaidu.com/taidu_shop/app_api/website/api.php (14)
2016/07/14 10:38:31 [info] [jeff.test] 开始插入游戏：
in /data/wwwroot/newshoptest.youtaidu.com/taidu_shop/app_api/website/api/controllers/v1_1/OptionController.php (309)
in /data/wwwroot/newshoptest.youtaidu.com/taidu_shop/app_api/website/api.php (14)
2016/07/14 10:38:31 [info] [jeff.test] 更新个人资料成功：
in /data/wwwroot/newshoptest.youtaidu.com/taidu_shop/app_api/website/api/controllers/v1_1/OptionController.php (360)
in /data/wwwroot/newshoptest.youtaidu.com/taidu_shop/app_api/website/api.php (14)
2016/07/14 10:38:38 [info] [jeff.test] /data/wwwroot/newshoptest.youtaidu.com/taidu_shop/api/OSS/Common.php
in /data/wwwroot/newshoptest.youtaidu.com/taidu_shop/app_api/website/api/components/PublicController.php (3)
in /data/wwwroot/newshoptest.youtaidu.com/taidu_shop/app_api/website/api/controllers/v1_1/RecordController.php (2)
in /data/wwwroot/newshoptest.youtaidu.com/taidu_shop/app_api/website/api.php (14)
2016/07/14 10:39:23 [info] [jeff.test] /data/wwwroot/newshoptest.youtaidu.com/taidu_shop/api/OSS/Common.php
in /data/wwwroot/newshoptest.youtaidu.com/taidu_shop/app_api/website/api/components/PublicController.php (3)
in /data/wwwroot/newshoptest.youtaidu.com/taidu_shop/app_api/website/api/controllers/v1_1/VersionController.php (2)
in /data/wwwroot/newshoptest.youtaidu.com/taidu_shop/app_api/website/api.php (14)
2016/07/14 10:39:24 [info] [jeff.test] /data/wwwroot/newshoptest.youtaidu.com/taidu_shop/api/OSS/Common.php
in /data/wwwroot/newshoptest.youtaidu.com/taidu_shop/app_api/website/api/components/PublicController.php (3)
in /data/wwwroot/newshoptest.youtaidu.com/taidu_shop/app_api/website/api/controllers/v1_1/RecordController.php (2)
in /data/wwwroot/newshoptest.youtaidu.com/taidu_shop/app_api/website/api.php (14)
2016/07/14 10:39:43 [info] [jeff.test] /data/wwwroot/newshoptest.youtaidu.com/taidu_shop/api/OSS/Common.php
in /data/wwwroot/newshoptest.youtaidu.com/taidu_shop/app_api/website/api/components/PublicController.php (3)
in /data/wwwroot/newshoptest.youtaidu.com/taidu_shop/app_api/website/api/controllers/v1_1/UserController.php (3)
in /data/wwwroot/newshoptest.youtaidu.com/taidu_shop/app_api/website/api.php (14)
2016/07/14 10:39:44 [info] [jeff.test] /data/wwwroot/newshoptest.youtaidu.com/taidu_shop/api/OSS/Common.php
in /data/wwwroot/newshoptest.youtaidu.com/taidu_shop/app_api/website/api/components/PublicController.php (3)
in /data/wwwroot/newshoptest.youtaidu.com/taidu_shop/app_api/website/api/controllers/v1_1/RecordController.php (2)
in /data/wwwroot/newshoptest.youtaidu.com/taidu_shop/app_api/website/api.php (14)
2016/07/14 10:39:44 [info] [jeff.test] /data/wwwroot/newshoptest.youtaidu.com/taidu_shop/api/OSS/Common.php
in /data/wwwroot/newshoptest.youtaidu.com/taidu_shop/app_api/website/api/components/PublicController.php (3)
in /data/wwwroot/newshoptest.youtaidu.com/taidu_shop/app_api/website/api/controllers/v1_1/UserController.php (3)
in /data/wwwroot/newshoptest.youtaidu.com/taidu_shop/app_api/website/api.php (14)
2016/07/14 10:39:46 [info] [jeff.test] /data/wwwroot/newshoptest.youtaidu.com/taidu_shop/api/OSS/Common.php
in /data/wwwroot/newshoptest.youtaidu.com/taidu_shop/app_api/website/api/components/PublicController.php (3)
in /data/wwwroot/newshoptest.youtaidu.com/taidu_shop/app_api/website/api/controllers/v1_1/UploadController.php (2)
in /data/wwwroot/newshoptest.youtaidu.com/taidu_shop/app_api/website/api.php (14)
2016/07/14 10:39:50 [info] [jeff.test] /data/wwwroot/newshoptest.youtaidu.com/taidu_shop/api/OSS/Common.php
in /data/wwwroot/newshoptest.youtaidu.com/taidu_shop/app_api/website/api/components/PublicController.php (3)
in /data/wwwroot/newshoptest.youtaidu.com/taidu_shop/app_api/website/api/controllers/v1_1/UserController.php (3)
in /data/wwwroot/newshoptest.youtaidu.com/taidu_shop/app_api/website/api.php (14)
2016/07/14 10:39:51 [info] [jeff.test] /data/wwwroot/newshoptest.youtaidu.com/taidu_shop/api/OSS/Common.php
in /data/wwwroot/newshoptest.youtaidu.com/taidu_shop/app_api/website/api/components/PublicController.php (3)
in /data/wwwroot/newshoptest.youtaidu.com/taidu_shop/app_api/website/api/controllers/v1_1/RecordController.php (2)
in /data/wwwroot/newshoptest.youtaidu.com/taidu_shop/app_api/website/api.php (14)
2016/07/14 10:39:51 [info] [jeff.test] /data/wwwroot/newshoptest.youtaidu.com/taidu_shop/api/OSS/Common.php
in /data/wwwroot/newshoptest.youtaidu.com/taidu_shop/app_api/website/api/components/PublicController.php (3)
in /data/wwwroot/newshoptest.youtaidu.com/taidu_shop/app_api/website/api/controllers/v1_1/UserController.php (3)
in /data/wwwroot/newshoptest.youtaidu.com/taidu_shop/app_api/website/api.php (14)
2016/07/14 10:39:52 [info] [jeff.test] /data/wwwroot/newshoptest.youtaidu.com/taidu_shop/api/OSS/Common.php
in /data/wwwroot/newshoptest.youtaidu.com/taidu_shop/app_api/website/api/components/PublicController.php (3)
in /data/wwwroot/newshoptest.youtaidu.com/taidu_shop/app_api/website/api/controllers/v1_1/UserController.php (3)
in /data/wwwroot/newshoptest.youtaidu.com/taidu_shop/app_api/website/api.php (14)
2016/07/14 10:40:06 [info] [jeff.test] /data/wwwroot/newshoptest.youtaidu.com/taidu_shop/api/OSS/Common.php
in /data/wwwroot/newshoptest.youtaidu.com/taidu_shop/app_api/website/api/components/PublicController.php (3)
in /data/wwwroot/newshoptest.youtaidu.com/taidu_shop/app_api/website/api/controllers/v1_1/UserController.php (3)
in /data/wwwroot/newshoptest.youtaidu.com/taidu_shop/app_api/website/api.php (14)
2016/07/14 10:40:06 [info] [jeff.test] /data/wwwroot/newshoptest.youtaidu.com/taidu_shop/api/OSS/Common.php
in /data/wwwroot/newshoptest.youtaidu.com/taidu_shop/app_api/website/api/components/PublicController.php (3)
in /data/wwwroot/newshoptest.youtaidu.com/taidu_shop/app_api/website/api/controllers/v1_1/UserController.php (3)
in /data/wwwroot/newshoptest.youtaidu.com/taidu_shop/app_api/website/api.php (14)
2016/07/14 10:40:08 [info] [jeff.test] /data/wwwroot/newshoptest.youtaidu.com/taidu_shop/api/OSS/Common.php
in /data/wwwroot/newshoptest.youtaidu.com/taidu_shop/app_api/website/api/components/PublicController.php (3)
in /data/wwwroot/newshoptest.youtaidu.com/taidu_shop/app_api/website/api/controllers/v1_1/UserController.php (3)
in /data/wwwroot/newshoptest.youtaidu.com/taidu_shop/app_api/website/api.php (14)
2016/07/14 10:40:08 [info] [jeff.test] /data/wwwroot/newshoptest.youtaidu.com/taidu_shop/api/OSS/Common.php
in /data/wwwroot/newshoptest.youtaidu.com/taidu_shop/app_api/website/api/components/PublicController.php (3)
in /data/wwwroot/newshoptest.youtaidu.com/taidu_shop/app_api/website/api/controllers/v1_1/CountController.php (2)
in /data/wwwroot/newshoptest.youtaidu.com/taidu_shop/app_api/website/api.php (14)
2016/07/14 10:40:09 [info] [jeff.test] /data/wwwroot/newshoptest.youtaidu.com/taidu_shop/api/OSS/Common.php
in /data/wwwroot/newshoptest.youtaidu.com/taidu_shop/app_api/website/api/components/PublicController.php (3)
in /data/wwwroot/newshoptest.youtaidu.com/taidu_shop/app_api/website/api/controllers/v1_1/UserController.php (3)
in /data/wwwroot/newshoptest.youtaidu.com/taidu_shop/app_api/website/api.php (14)
2016/07/14 10:40:10 [info] [jeff.test] /data/wwwroot/newshoptest.youtaidu.com/taidu_shop/api/OSS/Common.php
in /data/wwwroot/newshoptest.youtaidu.com/taidu_shop/app_api/website/api/components/PublicController.php (3)
in /data/wwwroot/newshoptest.youtaidu.com/taidu_shop/app_api/website/api/controllers/v1_1/UserController.php (3)
in /data/wwwroot/newshoptest.youtaidu.com/taidu_shop/app_api/website/api.php (14)
2016/07/14 10:40:10 [info] [jeff.test] /data/wwwroot/newshoptest.youtaidu.com/taidu_shop/api/OSS/Common.php
in /data/wwwroot/newshoptest.youtaidu.com/taidu_shop/app_api/website/api/components/PublicController.php (3)
in /data/wwwroot/newshoptest.youtaidu.com/taidu_shop/app_api/website/api/controllers/v1_1/UserController.php (3)
in /data/wwwroot/newshoptest.youtaidu.com/taidu_shop/app_api/website/api.php (14)
2016/07/14 10:40:21 [info] [jeff.test] /data/wwwroot/newshoptest.youtaidu.com/taidu_shop/api/OSS/Common.php
in /data/wwwroot/newshoptest.youtaidu.com/taidu_shop/app_api/website/api/components/PublicController.php (3)
in /data/wwwroot/newshoptest.youtaidu.com/taidu_shop/app_api/website/api/controllers/v1_1/OptionController.php (3)
in /data/wwwroot/newshoptest.youtaidu.com/taidu_shop/app_api/website/api.php (14)
2016/07/14 10:40:21 [info] [jeff.test] 开始修改个人资料：newpersn
in /data/wwwroot/newshoptest.youtaidu.com/taidu_shop/app_api/website/api/controllers/v1_1/OptionController.php (289)
in /data/wwwroot/newshoptest.youtaidu.com/taidu_shop/app_api/website/api.php (14)
2016/07/14 10:40:21 [info] [jeff.test] 开始上传头像到oss
in /data/wwwroot/newshoptest.youtaidu.com/taidu_shop/app_api/website/api/components/PublicController.php (452)
in /data/wwwroot/newshoptest.youtaidu.com/taidu_shop/app_api/website/api/controllers/v1_1/OptionController.php (294)
in /data/wwwroot/newshoptest.youtaidu.com/taidu_shop/app_api/website/api.php (14)
2016/07/14 10:40:21 [info] [jeff.test] 取得bucket成功
in /data/wwwroot/newshoptest.youtaidu.com/taidu_shop/app_api/website/api/components/PublicController.php (455)
in /data/wwwroot/newshoptest.youtaidu.com/taidu_shop/app_api/website/api/controllers/v1_1/OptionController.php (294)
in /data/wwwroot/newshoptest.youtaidu.com/taidu_shop/app_api/website/api.php (14)
2016/07/14 10:40:21 [info] [jeff.test] 取得ossclient成功
in /data/wwwroot/newshoptest.youtaidu.com/taidu_shop/app_api/website/api/components/PublicController.php (457)
in /data/wwwroot/newshoptest.youtaidu.com/taidu_shop/app_api/website/api/controllers/v1_1/OptionController.php (294)
in /data/wwwroot/newshoptest.youtaidu.com/taidu_shop/app_api/website/api.php (14)
2016/07/14 10:40:21 [info] [jeff.test] 开始插入游戏：
in /data/wwwroot/newshoptest.youtaidu.com/taidu_shop/app_api/website/api/controllers/v1_1/OptionController.php (309)
in /data/wwwroot/newshoptest.youtaidu.com/taidu_shop/app_api/website/api.php (14)
2016/07/14 10:40:21 [info] [jeff.test] 更新个人资料成功：
in /data/wwwroot/newshoptest.youtaidu.com/taidu_shop/app_api/website/api/controllers/v1_1/OptionController.php (360)
in /data/wwwroot/newshoptest.youtaidu.com/taidu_shop/app_api/website/api.php (14)
2016/07/14 10:40:21 [info] [jeff.test] /data/wwwroot/newshoptest.youtaidu.com/taidu_shop/api/OSS/Common.php
in /data/wwwroot/newshoptest.youtaidu.com/taidu_shop/app_api/website/api/components/PublicController.php (3)
in /data/wwwroot/newshoptest.youtaidu.com/taidu_shop/app_api/website/api/controllers/v1_1/UserController.php (3)
in /data/wwwroot/newshoptest.youtaidu.com/taidu_shop/app_api/website/api.php (14)
2016/07/14 10:40:22 [info] [jeff.test] /data/wwwroot/newshoptest.youtaidu.com/taidu_shop/api/OSS/Common.php
in /data/wwwroot/newshoptest.youtaidu.com/taidu_shop/app_api/website/api/components/PublicController.php (3)
in /data/wwwroot/newshoptest.youtaidu.com/taidu_shop/app_api/website/api/controllers/v1_1/CountController.php (2)
in /data/wwwroot/newshoptest.youtaidu.com/taidu_shop/app_api/website/api.php (14)
2016/07/14 10:40:23 [info] [jeff.test] /data/wwwroot/newshoptest.youtaidu.com/taidu_shop/api/OSS/Common.php
in /data/wwwroot/newshoptest.youtaidu.com/taidu_shop/app_api/website/api/components/PublicController.php (3)
in /data/wwwroot/newshoptest.youtaidu.com/taidu_shop/app_api/website/api/controllers/v1_1/UserController.php (3)
in /data/wwwroot/newshoptest.youtaidu.com/taidu_shop/app_api/website/api.php (14)
2016/07/14 10:40:26 [info] [jeff.test] /data/wwwroot/newshoptest.youtaidu.com/taidu_shop/api/OSS/Common.php
in /data/wwwroot/newshoptest.youtaidu.com/taidu_shop/app_api/website/api/components/PublicController.php (3)
in /data/wwwroot/newshoptest.youtaidu.com/taidu_shop/app_api/website/api/controllers/v1_1/UserController.php (3)
in /data/wwwroot/newshoptest.youtaidu.com/taidu_shop/app_api/website/api.php (14)
2016/07/14 10:40:28 [info] [jeff.test] /data/wwwroot/newshoptest.youtaidu.com/taidu_shop/api/OSS/Common.php
in /data/wwwroot/newshoptest.youtaidu.com/taidu_shop/app_api/website/api/components/PublicController.php (3)
in /data/wwwroot/newshoptest.youtaidu.com/taidu_shop/app_api/website/api/controllers/v1_1/RecordController.php (2)
in /data/wwwroot/newshoptest.youtaidu.com/taidu_shop/app_api/website/api.php (14)
2016/07/14 10:40:29 [info] [jeff.test] /data/wwwroot/newshoptest.youtaidu.com/taidu_shop/api/OSS/Common.php
in /data/wwwroot/newshoptest.youtaidu.com/taidu_shop/app_api/website/api/components/PublicController.php (3)
in /data/wwwroot/newshoptest.youtaidu.com/taidu_shop/app_api/website/api/controllers/v1_1/CountController.php (2)
in /data/wwwroot/newshoptest.youtaidu.com/taidu_shop/app_api/website/api.php (14)
2016/07/14 10:40:30 [info] [jeff.test] /data/wwwroot/newshoptest.youtaidu.com/taidu_shop/api/OSS/Common.php
in /data/wwwroot/newshoptest.youtaidu.com/taidu_shop/app_api/website/api/components/PublicController.php (3)
in /data/wwwroot/newshoptest.youtaidu.com/taidu_shop/app_api/website/api/controllers/v1_1/RecordController.php (2)
in /data/wwwroot/newshoptest.youtaidu.com/taidu_shop/app_api/website/api.php (14)
2016/07/14 10:40:31 [info] [jeff.test] /data/wwwroot/newshoptest.youtaidu.com/taidu_shop/api/OSS/Common.php
in /data/wwwroot/newshoptest.youtaidu.com/taidu_shop/app_api/website/api/components/PublicController.php (3)
in /data/wwwroot/newshoptest.youtaidu.com/taidu_shop/app_api/website/api/controllers/v1_1/LedController.php (2)
in /data/wwwroot/newshoptest.youtaidu.com/taidu_shop/app_api/website/api.php (14)
2016/07/14 10:40:37 [info] [jeff.test] /data/wwwroot/newshoptest.youtaidu.com/taidu_shop/api/OSS/Common.php
in /data/wwwroot/newshoptest.youtaidu.com/taidu_shop/app_api/website/api/components/PublicController.php (3)
in /data/wwwroot/newshoptest.youtaidu.com/taidu_shop/app_api/website/api/controllers/v1_1/UserController.php (3)
in /data/wwwroot/newshoptest.youtaidu.com/taidu_shop/app_api/website/api.php (14)
2016/07/14 10:40:38 [info] [jeff.test] /data/wwwroot/newshoptest.youtaidu.com/taidu_shop/api/OSS/Common.php
in /data/wwwroot/newshoptest.youtaidu.com/taidu_shop/app_api/website/api/components/PublicController.php (3)
in /data/wwwroot/newshoptest.youtaidu.com/taidu_shop/app_api/website/api/controllers/v1_1/VersionController.php (2)
in /data/wwwroot/newshoptest.youtaidu.com/taidu_shop/app_api/website/api.php (14)
2016/07/14 10:40:39 [info] [jeff.test] /data/wwwroot/newshoptest.youtaidu.com/taidu_shop/api/OSS/Common.php
in /data/wwwroot/newshoptest.youtaidu.com/taidu_shop/app_api/website/api/components/PublicController.php (3)
in /data/wwwroot/newshoptest.youtaidu.com/taidu_shop/app_api/website/api/controllers/v1_1/UploadController.php (2)
in /data/wwwroot/newshoptest.youtaidu.com/taidu_shop/app_api/website/api.php (14)
2016/07/14 10:40:39 [info] [jeff.test] /data/wwwroot/newshoptest.youtaidu.com/taidu_shop/api/OSS/Common.php
in /data/wwwroot/newshoptest.youtaidu.com/taidu_shop/app_api/website/api/components/PublicController.php (3)
in /data/wwwroot/newshoptest.youtaidu.com/taidu_shop/app_api/website/api/controllers/v1_1/UserController.php (3)
in /data/wwwroot/newshoptest.youtaidu.com/taidu_shop/app_api/website/api.php (14)
2016/07/14 10:41:05 [info] [jeff.test] /data/wwwroot/newshoptest.youtaidu.com/taidu_shop/api/OSS/Common.php
in /data/wwwroot/newshoptest.youtaidu.com/taidu_shop/app_api/website/api/components/PublicController.php (3)
in /data/wwwroot/newshoptest.youtaidu.com/taidu_shop/app_api/website/api/controllers/v1_1/RecordController.php (2)
in /data/wwwroot/newshoptest.youtaidu.com/taidu_shop/app_api/website/api.php (14)
2016/07/14 10:41:06 [info] [jeff.test] /data/wwwroot/newshoptest.youtaidu.com/taidu_shop/api/OSS/Common.php
in /data/wwwroot/newshoptest.youtaidu.com/taidu_shop/app_api/website/api/components/PublicController.php (3)
in /data/wwwroot/newshoptest.youtaidu.com/taidu_shop/app_api/website/api/controllers/v1_1/CountController.php (2)
in /data/wwwroot/newshoptest.youtaidu.com/taidu_shop/app_api/website/api.php (14)
2016/07/14 10:41:07 [info] [jeff.test] /data/wwwroot/newshoptest.youtaidu.com/taidu_shop/api/OSS/Common.php
in /data/wwwroot/newshoptest.youtaidu.com/taidu_shop/app_api/website/api/components/PublicController.php (3)
in /data/wwwroot/newshoptest.youtaidu.com/taidu_shop/app_api/website/api/controllers/v1_1/CountController.php (2)
in /data/wwwroot/newshoptest.youtaidu.com/taidu_shop/app_api/website/api.php (14)
2016/07/14 10:41:07 [info] [jeff.test] /data/wwwroot/newshoptest.youtaidu.com/taidu_shop/api/OSS/Common.php
in /data/wwwroot/newshoptest.youtaidu.com/taidu_shop/app_api/website/api/components/PublicController.php (3)
in /data/wwwroot/newshoptest.youtaidu.com/taidu_shop/app_api/website/api/controllers/v1_1/CountController.php (2)
in /data/wwwroot/newshoptest.youtaidu.com/taidu_shop/app_api/website/api.php (14)
2016/07/14 10:41:07 [info] [jeff.test] /data/wwwroot/newshoptest.youtaidu.com/taidu_shop/api/OSS/Common.php
in /data/wwwroot/newshoptest.youtaidu.com/taidu_shop/app_api/website/api/components/PublicController.php (3)
in /data/wwwroot/newshoptest.youtaidu.com/taidu_shop/app_api/website/api/controllers/v1_1/CountController.php (2)
in /data/wwwroot/newshoptest.youtaidu.com/taidu_shop/app_api/website/api.php (14)
2016/07/14 10:41:07 [info] [jeff.test] /data/wwwroot/newshoptest.youtaidu.com/taidu_shop/api/OSS/Common.php
in /data/wwwroot/newshoptest.youtaidu.com/taidu_shop/app_api/website/api/components/PublicController.php (3)
in /data/wwwroot/newshoptest.youtaidu.com/taidu_shop/app_api/website/api/controllers/v1_1/CountController.php (2)
in /data/wwwroot/newshoptest.youtaidu.com/taidu_shop/app_api/website/api.php (14)
2016/07/14 10:41:16 [info] [jeff.test] /data/wwwroot/newshoptest.youtaidu.com/taidu_shop/api/OSS/Common.php
in /data/wwwroot/newshoptest.youtaidu.com/taidu_shop/app_api/website/api/components/PublicController.php (3)
in /data/wwwroot/newshoptest.youtaidu.com/taidu_shop/app_api/website/api/controllers/v1_1/CountController.php (2)
in /data/wwwroot/newshoptest.youtaidu.com/taidu_shop/app_api/website/api.php (14)
2016/07/14 10:41:16 [info] [jeff.test] /data/wwwroot/newshoptest.youtaidu.com/taidu_shop/api/OSS/Common.php
in /data/wwwroot/newshoptest.youtaidu.com/taidu_shop/app_api/website/api/components/PublicController.php (3)
in /data/wwwroot/newshoptest.youtaidu.com/taidu_shop/app_api/website/api/controllers/v1_1/CountController.php (2)
in /data/wwwroot/newshoptest.youtaidu.com/taidu_shop/app_api/website/api.php (14)
2016/07/14 10:41:16 [info] [jeff.test] /data/wwwroot/newshoptest.youtaidu.com/taidu_shop/api/OSS/Common.php
in /data/wwwroot/newshoptest.youtaidu.com/taidu_shop/app_api/website/api/components/PublicController.php (3)
in /data/wwwroot/newshoptest.youtaidu.com/taidu_shop/app_api/website/api/controllers/v1_1/CountController.php (2)
in /data/wwwroot/newshoptest.youtaidu.com/taidu_shop/app_api/website/api.php (14)
2016/07/14 10:41:16 [info] [jeff.test] /data/wwwroot/newshoptest.youtaidu.com/taidu_shop/api/OSS/Common.php
in /data/wwwroot/newshoptest.youtaidu.com/taidu_shop/app_api/website/api/components/PublicController.php (3)
in /data/wwwroot/newshoptest.youtaidu.com/taidu_shop/app_api/website/api/controllers/v1_1/CountController.php (2)
in /data/wwwroot/newshoptest.youtaidu.com/taidu_shop/app_api/website/api.php (14)
2016/07/14 10:43:00 [info] [jeff.test] 开始修改个人资料：longituder
in /data/wwwroot/newshoptest.youtaidu.com/taidu_shop/app_api/website/api/controllers/v1_1/OptionController.php (290)
in /data/wwwroot/newshoptest.youtaidu.com/taidu_shop/app_api/website/api.php (14)
2016/07/14 10:43:00 [info] [jeff.test] 更新个人资料成功：
in /data/wwwroot/newshoptest.youtaidu.com/taidu_shop/app_api/website/api/controllers/v1_1/OptionController.php (359)
in /data/wwwroot/newshoptest.youtaidu.com/taidu_shop/app_api/website/api.php (14)
2016/07/14 10:43:14 [info] [jeff.test] 开始修改个人资料：longituder
in /data/wwwroot/newshoptest.youtaidu.com/taidu_shop/app_api/website/api/controllers/v1_1/OptionController.php (290)
in /data/wwwroot/newshoptest.youtaidu.com/taidu_shop/app_api/website/api.php (14)
2016/07/14 10:43:15 [info] [jeff.test] 更新个人资料成功：
in /data/wwwroot/newshoptest.youtaidu.com/taidu_shop/app_api/website/api/controllers/v1_1/OptionController.php (359)
in /data/wwwroot/newshoptest.youtaidu.com/taidu_shop/app_api/website/api.php (14)
2016/07/14 10:44:48 [info] [jeff.test] 开始修改个人资料：longituder
in /data/wwwroot/newshoptest.youtaidu.com/taidu_shop/app_api/website/api/controllers/v1_1/OptionController.php (290)
in /data/wwwroot/newshoptest.youtaidu.com/taidu_shop/app_api/website/api.php (14)
2016/07/14 10:44:48 [info] [jeff.test] 更新个人资料成功：
in /data/wwwroot/newshoptest.youtaidu.com/taidu_shop/app_api/website/api/controllers/v1_1/OptionController.php (359)
in /data/wwwroot/newshoptest.youtaidu.com/taidu_shop/app_api/website/api.php (14)
2016/07/14 11:05:11 [info] [jeff.test] 开始修改个人资料：longituder
in /data/wwwroot/newshoptest.youtaidu.com/taidu_shop/app_api/website/api/controllers/v1_1/OptionController.php (290)
in /data/wwwroot/newshoptest.youtaidu.com/taidu_shop/app_api/website/api.php (14)
2016/07/14 11:05:11 [info] [jeff.test] 更新个人资料成功：
in /data/wwwroot/newshoptest.youtaidu.com/taidu_shop/app_api/website/api/controllers/v1_1/OptionController.php (359)
in /data/wwwroot/newshoptest.youtaidu.com/taidu_shop/app_api/website/api.php (14)
2016/07/14 11:05:31 [info] [jeff.test] 开始修改个人资料：longituder
in /data/wwwroot/newshoptest.youtaidu.com/taidu_shop/app_api/website/api/controllers/v1_1/OptionController.php (290)
in /data/wwwroot/newshoptest.youtaidu.com/taidu_shop/app_api/website/api.php (14)
2016/07/14 11:05:31 [info] [jeff.test] 更新个人资料成功：
in /data/wwwroot/newshoptest.youtaidu.com/taidu_shop/app_api/website/api/controllers/v1_1/OptionController.php (359)
in /data/wwwroot/newshoptest.youtaidu.com/taidu_shop/app_api/website/api.php (14)
2016/07/14 11:25:45 [info] [jeff.test] 开始修改个人资料：fenghuim
in /data/wwwroot/newshoptest.youtaidu.com/taidu_shop/app_api/website/api/controllers/v1_1/OptionController.php (290)
in /data/wwwroot/newshoptest.youtaidu.com/taidu_shop/app_api/website/api.php (14)
2016/07/14 11:25:48 [info] [jeff.test] 更新个人资料成功：
in /data/wwwroot/newshoptest.youtaidu.com/taidu_shop/app_api/website/api/controllers/v1_1/OptionController.php (359)
in /data/wwwroot/newshoptest.youtaidu.com/taidu_shop/app_api/website/api.php (14)
2016/07/14 11:25:47 [info] [jeff.test] 开始修改个人资料：fenghuim
in /data/wwwroot/newshoptest.youtaidu.com/taidu_shop/app_api/website/api/controllers/v1_1/OptionController.php (290)
in /data/wwwroot/newshoptest.youtaidu.com/taidu_shop/app_api/website/api.php (14)
2016/07/14 11:25:50 [info] [jeff.test] 更新个人资料成功：
in /data/wwwroot/newshoptest.youtaidu.com/taidu_shop/app_api/website/api/controllers/v1_1/OptionController.php (359)
in /data/wwwroot/newshoptest.youtaidu.com/taidu_shop/app_api/website/api.php (14)
2016/07/14 13:39:23 [info] [jeff.test] 开始修改个人资料：shixf
in /data/wwwroot/newshoptest.youtaidu.com/taidu_shop/app_api/website/api/controllers/v1_1/OptionController.php (290)
in /data/wwwroot/newshoptest.youtaidu.com/taidu_shop/app_api/website/api.php (14)
2016/07/14 13:39:33 [info] [jeff.test] 开始修改个人资料：shixf
in /data/wwwroot/newshoptest.youtaidu.com/taidu_shop/app_api/website/api/controllers/v1_1/OptionController.php (290)
in /data/wwwroot/newshoptest.youtaidu.com/taidu_shop/app_api/website/api.php (14)
2016/07/14 13:39:33 [info] [jeff.test] 更新个人资料成功：
in /data/wwwroot/newshoptest.youtaidu.com/taidu_shop/app_api/website/api/controllers/v1_1/OptionController.php (359)
in /data/wwwroot/newshoptest.youtaidu.com/taidu_shop/app_api/website/api.php (14)
2016/07/14 14:00:27 [info] [jeff.test] 开始修改个人资料：newpersn
in /data/wwwroot/newshoptest.youtaidu.com/taidu_shop/app_api/website/api/controllers/v1_1/OptionController.php (290)
in /data/wwwroot/newshoptest.youtaidu.com/taidu_shop/app_api/website/api.php (14)
2016/07/14 14:00:27 [info] [jeff.test] 更新个人资料成功：
in /data/wwwroot/newshoptest.youtaidu.com/taidu_shop/app_api/website/api/controllers/v1_1/OptionController.php (359)
in /data/wwwroot/newshoptest.youtaidu.com/taidu_shop/app_api/website/api.php (14)
2016/07/14 14:00:34 [info] [jeff.test] 开始修改个人资料：newpersn
in /data/wwwroot/newshoptest.youtaidu.com/taidu_shop/app_api/website/api/controllers/v1_1/OptionController.php (290)
in /data/wwwroot/newshoptest.youtaidu.com/taidu_shop/app_api/website/api.php (14)
2016/07/14 14:00:34 [info] [jeff.test] 更新个人资料成功：
in /data/wwwroot/newshoptest.youtaidu.com/taidu_shop/app_api/website/api/controllers/v1_1/OptionController.php (359)
in /data/wwwroot/newshoptest.youtaidu.com/taidu_shop/app_api/website/api.php (14)
2016/07/14 14:00:42 [info] [jeff.test] 开始修改个人资料：newpersn
in /data/wwwroot/newshoptest.youtaidu.com/taidu_shop/app_api/website/api/controllers/v1_1/OptionController.php (290)
in /data/wwwroot/newshoptest.youtaidu.com/taidu_shop/app_api/website/api.php (14)
2016/07/14 14:00:42 [info] [jeff.test] 更新个人资料成功：
in /data/wwwroot/newshoptest.youtaidu.com/taidu_shop/app_api/website/api/controllers/v1_1/OptionController.php (359)
in /data/wwwroot/newshoptest.youtaidu.com/taidu_shop/app_api/website/api.php (14)
2016/07/14 14:00:55 [info] [jeff.test] 开始修改个人资料：newpersn
in /data/wwwroot/newshoptest.youtaidu.com/taidu_shop/app_api/website/api/controllers/v1_1/OptionController.php (290)
in /data/wwwroot/newshoptest.youtaidu.com/taidu_shop/app_api/website/api.php (14)
2016/07/14 14:00:55 [info] [jeff.test] 更新个人资料成功：
in /data/wwwroot/newshoptest.youtaidu.com/taidu_shop/app_api/website/api/controllers/v1_1/OptionController.php (359)
in /data/wwwroot/newshoptest.youtaidu.com/taidu_shop/app_api/website/api.php (14)
2016/10/09 10:47:18 [info] [jeff.test] 开始修改个人资料：aaa
in C:\wamp\www\New_taidu_shop\app_api\website\api\controllers\v1_1\OptionController.php (290)
in C:\wamp\www\New_taidu_shop\app_api\website\api.php (14)
2016/10/09 10:47:19 [info] [jeff.test] 更新个人资料成功：
in C:\wamp\www\New_taidu_shop\app_api\website\api\controllers\v1_1\OptionController.php (359)
in C:\wamp\www\New_taidu_shop\app_api\website\api.php (14)
2016/10/09 10:48:42 [info] [jeff.test] 开始修改个人资料：aaa
in C:\wamp\www\New_taidu_shop\app_api\website\api\controllers\v1_1\OptionController.php (290)
in C:\wamp\www\New_taidu_shop\app_api\website\api.php (14)
2016/10/09 10:48:42 [info] [jeff.test] 更新个人资料成功：
in C:\wamp\www\New_taidu_shop\app_api\website\api\controllers\v1_1\OptionController.php (359)
in C:\wamp\www\New_taidu_shop\app_api\website\api.php (14)
2016/10/11 13:49:50 [info] [jeff.test] 开始同步uccenter
in C:\wamp\www\New_taidu_shop\app_api\website\api\controllers\v1_1\UserController.php (177)
in C:\wamp\www\New_taidu_shop\app_api\website\api.php (14)
2016/10/11 13:50:11 [info] [jeff.test] 开始同步uccenter
in C:\wamp\www\New_taidu_shop\app_api\website\api\controllers\v1_1\UserController.php (177)
in C:\wamp\www\New_taidu_shop\app_api\website\api.php (14)
2016/10/11 13:58:11 [info] [jeff.test] 开始同步uccenter
in C:\wamp\www\New_taidu_shop\app_api\website\api\controllers\v1_1\UserController.php (177)
in C:\wamp\www\New_taidu_shop\app_api\website\api.php (14)
2016/10/11 14:00:21 [info] [jeff.test] 开始同步uccenter
in C:\wamp\www\New_taidu_shop\app_api\website\api\controllers\v1_1\UserController.php (177)
in C:\wamp\www\New_taidu_shop\app_api\website\api.php (14)
2016/10/11 14:00:59 [info] [jeff.test] 开始同步uccenter
in C:\wamp\www\New_taidu_shop\app_api\website\api\controllers\v1_1\UserController.php (387)
in C:\wamp\www\New_taidu_shop\app_api\website\api.php (14)
2016/10/11 14:01:13 [info] [jeff.test] 开始同步uccenter
in C:\wamp\www\New_taidu_shop\app_api\website\api\controllers\v1_1\UserController.php (387)
in C:\wamp\www\New_taidu_shop\app_api\website\api.php (14)
2016/10/11 14:01:18 [info] [jeff.test] 开始同步uccenter
in C:\wamp\www\New_taidu_shop\app_api\website\api\controllers\v1_1\UserController.php (387)
in C:\wamp\www\New_taidu_shop\app_api\website\api.php (14)
2016/10/11 14:07:54 [info] [jeff.test] 开始同步uccenter
in C:\wamp\www\New_taidu_shop\app_api\website\api\controllers\v1_1\UserController.php (387)
in C:\wamp\www\New_taidu_shop\app_api\website\api.php (14)
2016/10/11 14:08:55 [info] [jeff.test] 开始同步uccenter
in C:\wamp\www\New_taidu_shop\app_api\website\api\controllers\v1_1\UserController.php (387)
in C:\wamp\www\New_taidu_shop\app_api\website\api.php (14)
2016/10/11 14:14:50 [info] [jeff.test] 开始同步uccenter
in C:\wamp\www\New_taidu_shop\app_api\website\api\controllers\v1_1\UserController.php (387)
in C:\wamp\www\New_taidu_shop\app_api\website\api.php (14)
2016/10/11 14:14:50 [info] [jeff.test] 论坛注册失败,uid:-2
in C:\wamp\www\New_taidu_shop\app_api\website\api\controllers\v1_1\UserController.php (398)
in C:\wamp\www\New_taidu_shop\app_api\website\api.php (14)
2016/10/11 14:15:08 [info] [jeff.test] 开始同步uccenter
in C:\wamp\www\New_taidu_shop\app_api\website\api\controllers\v1_1\UserController.php (387)
in C:\wamp\www\New_taidu_shop\app_api\website\api.php (14)
2016/10/11 14:15:08 [info] [jeff.test] 论坛注册失败,uid:-2
in C:\wamp\www\New_taidu_shop\app_api\website\api\controllers\v1_1\UserController.php (398)
in C:\wamp\www\New_taidu_shop\app_api\website\api.php (14)
2016/10/11 14:15:51 [info] [jeff.test] 开始同步uccenter
in C:\wamp\www\New_taidu_shop\app_api\website\api\controllers\v1_1\UserController.php (387)
in C:\wamp\www\New_taidu_shop\app_api\website\api.php (14)
2016/10/11 14:15:51 [info] [jeff.test] 论坛注册失败,uid:-2
in C:\wamp\www\New_taidu_shop\app_api\website\api\controllers\v1_1\UserController.php (398)
in C:\wamp\www\New_taidu_shop\app_api\website\api.php (14)
2016/10/11 14:17:47 [info] [jeff.test] 开始同步uccenter
in C:\wamp\www\New_taidu_shop\app_api\website\api\controllers\v1_1\UserController.php (387)
in C:\wamp\www\New_taidu_shop\app_api\website\api.php (14)
2016/10/11 14:17:48 [info] [jeff.test] 论坛注册成功,uid:15059
in C:\wamp\www\New_taidu_shop\app_api\website\api\controllers\v1_1\UserController.php (430)
in C:\wamp\www\New_taidu_shop\app_api\website\api.php (14)
2016/10/11 14:17:48 [info] [jeff.test] 开始uc_user_login
in C:\wamp\www\New_taidu_shop\app_api\website\api\controllers\v1_1\UserController.php (441)
in C:\wamp\www\New_taidu_shop\app_api\website\api.php (14)
2016/10/11 14:17:48 [info] [jeff.test] uid >0,开始uc_user_synlogin
in C:\wamp\www\New_taidu_shop\app_api\website\api\controllers\v1_1\UserController.php (445)
in C:\wamp\www\New_taidu_shop\app_api\website\api.php (14)
2016/10/11 14:17:48 [info] [jeff.test] uccenter同步完成
in C:\wamp\www\New_taidu_shop\app_api\website\api\controllers\v1_1\UserController.php (478)
in C:\wamp\www\New_taidu_shop\app_api\website\api.php (14)
