[2015-07-29 10:47:45][debug] 2015-07-29 10:47:45 : array (
  'appid' => 'wxab9245b9041049b0',
  'cash_fee' => '3000',
  'cash_refund_fee' => '3000',
  'coupon_refund_count' => '0',
  'coupon_refund_fee' => '0',
  'mch_id' => '1243542602',
  'nonce_str' => 'yT4Y6SGtNcoS2ged',
  'out_refund_no' => '124354260220150729104744',
  'out_trade_no' => '691',
  'refund_channel' => 
  array (
  ),
  'refund_fee' => '3000',
  'refund_id' => '2003450102201507290021635226',
  'result_code' => 'SUCCESS',
  'return_code' => 'SUCCESS',
  'return_msg' => 'OK',
  'sign' => 'B6D6CFF82FD31F6EFAA25E3211036A82',
  'total_fee' => '3000',
  'transaction_id' => '1003450102201507230458813160',
)
[2015-07-29 10:50:53][debug] 2015-07-29 10:50:53 : array (
  'appid' => 'wxab9245b9041049b0',
  'cash_fee' => '3000',
  'cash_refund_fee' => '3000',
  'coupon_refund_count' => '0',
  'coupon_refund_fee' => '0',
  'mch_id' => '1243542602',
  'nonce_str' => 'lachH9sdUJnCnvZm',
  'out_refund_no' => '124354260220150729105048',
  'out_trade_no' => '5076',
  'refund_channel' => 
  array (
  ),
  'refund_fee' => '3000',
  'refund_id' => '2003450102201507290021562973',
  'result_code' => 'SUCCESS',
  'return_code' => 'SUCCESS',
  'return_msg' => 'OK',
  'sign' => '4591603E98E9999F6CDCF80DC28091C5',
  'total_fee' => '3000',
  'transaction_id' => '1003450102201507270489072500',
)
[2015-07-29 12:12:04][debug] 2015-07-29 12:12:04 : array (
  'appid' => 'wxab9245b9041049b0',
  'cash_fee' => '3000',
  'cash_refund_fee' => '3000',
  'coupon_refund_count' => '0',
  'coupon_refund_fee' => '0',
  'mch_id' => '1243542602',
  'nonce_str' => 'DlT2V2M1pJqdf4St',
  'out_refund_no' => '124354260220150729121200',
  'out_trade_no' => '968',
  'refund_channel' => 
  array (
  ),
  'refund_fee' => '3000',
  'refund_id' => '2003080102201507290021671860',
  'result_code' => 'SUCCESS',
  'return_code' => 'SUCCESS',
  'return_msg' => 'OK',
  'sign' => 'EE651A326E8C087E299ABCCFEE2E666B',
  'total_fee' => '3000',
  'transaction_id' => '1003080102201507230462284519',
)
[2015-07-29 12:13:20][debug] 2015-07-29 12:13:20 : array (
  'appid' => 'wxab9245b9041049b0',
  'cash_fee' => '3000',
  'cash_refund_fee' => '3000',
  'coupon_refund_count' => '0',
  'coupon_refund_fee' => '0',
  'mch_id' => '1243542602',
  'nonce_str' => 'NDtrHHbeWIqTmg56',
  'out_refund_no' => '124354260220150729121320',
  'out_trade_no' => '973',
  'refund_channel' => 
  array (
  ),
  'refund_fee' => '3000',
  'refund_id' => '2008110102201507290021654683',
  'result_code' => 'SUCCESS',
  'return_code' => 'SUCCESS',
  'return_msg' => 'OK',
  'sign' => '65FE67A8465B692B0708E783F9EF2713',
  'total_fee' => '3000',
  'transaction_id' => '1008110102201507230462297782',
)
[2015-07-29 12:40:55][debug] 2015-07-29 12:40:55 : array (
  'appid' => 'wxab9245b9041049b0',
  'cash_fee' => '3000',
  'cash_refund_fee' => '3000',
  'coupon_refund_count' => '0',
  'coupon_refund_fee' => '0',
  'mch_id' => '1243542602',
  'nonce_str' => 'JcJ7qSplSjgjgZUt',
  'out_refund_no' => '124354260220150729124054',
  'out_trade_no' => '1879',
  'refund_channel' => 
  array (
  ),
  'refund_fee' => '3000',
  'refund_id' => '2000160102201507290021627593',
  'result_code' => 'SUCCESS',
  'return_code' => 'SUCCESS',
  'return_msg' => 'OK',
  'sign' => '73C995A4183913CE00B331C52AE6007A',
  'total_fee' => '3000',
  'transaction_id' => '1000160102201507230462878868',
)
[2015-07-29 17:25:54][debug] 2015-07-29 17:25:54 : array (
  'appid' => 'wxab9245b9041049b0',
  'cash_fee' => '3000',
  'cash_refund_fee' => '3000',
  'coupon_refund_count' => '0',
  'coupon_refund_fee' => '0',
  'mch_id' => '1243542602',
  'nonce_str' => 'p2gqiS9lifYj7IFN',
  'out_refund_no' => '124354260220150729172550',
  'out_trade_no' => '5336',
  'refund_channel' => 
  array (
  ),
  'refund_fee' => '3000',
  'refund_id' => '2004770102201507290021763104',
  'result_code' => 'SUCCESS',
  'return_code' => 'SUCCESS',
  'return_msg' => 'OK',
  'sign' => '009ABB8D2DA315F959B9F05E2D24FF8F',
  'total_fee' => '3000',
  'transaction_id' => '1004770102201507280494073408',
)
[2015-07-29 17:30:36][debug] 2015-07-29 17:30:36 : array (
  'appid' => 'wxab9245b9041049b0',
  'cash_fee' => '3000',
  'cash_refund_fee' => '3000',
  'coupon_refund_count' => '0',
  'coupon_refund_fee' => '0',
  'mch_id' => '1243542602',
  'nonce_str' => '0T1xjKdAwUxalz8N',
  'out_refund_no' => '124354260220150729173035',
  'out_trade_no' => '2278',
  'refund_channel' => 
  array (
  ),
  'refund_fee' => '3000',
  'refund_id' => '2002880102201507290021732196',
  'result_code' => 'SUCCESS',
  'return_code' => 'SUCCESS',
  'return_msg' => 'OK',
  'sign' => 'C016E2F5D562733BF44289CC748A17B8',
  'total_fee' => '3000',
  'transaction_id' => '1002880102201507230462953007',
)
[2015-07-29 17:59:15][debug] 2015-07-29 17:59:15 : array (
  'appid' => 'wxab9245b9041049b0',
  'cash_fee' => '3000',
  'cash_refund_fee' => '3000',
  'coupon_refund_count' => '0',
  'coupon_refund_fee' => '0',
  'mch_id' => '1243542602',
  'nonce_str' => 'rxhOcPFhzy97zBMB',
  'out_refund_no' => '124354260220150729175914',
  'out_trade_no' => '1077',
  'refund_channel' => 
  array (
  ),
  'refund_fee' => '3000',
  'refund_id' => '2008770102201507290021747397',
  'result_code' => 'SUCCESS',
  'return_code' => 'SUCCESS',
  'return_msg' => 'OK',
  'sign' => '95CF684EB8FF2502D3C2D58CA1CE9E8D',
  'total_fee' => '3000',
  'transaction_id' => '1008770102201507230462648151',
)
[2015-07-29 18:24:51][debug] 2015-07-29 18:24:51 : array (
  'appid' => 'wxab9245b9041049b0',
  'cash_fee' => '3000',
  'cash_refund_fee' => '3000',
  'coupon_refund_count' => '0',
  'coupon_refund_fee' => '0',
  'mch_id' => '1243542602',
  'nonce_str' => '2vB9f2uz4UxgKKPK',
  'out_refund_no' => '124354260220150729182447',
  'out_trade_no' => '766',
  'refund_channel' => 
  array (
  ),
  'refund_fee' => '3000',
  'refund_id' => '2002480102201507290021793473',
  'result_code' => 'SUCCESS',
  'return_code' => 'SUCCESS',
  'return_msg' => 'OK',
  'sign' => '55CD83FB90FE3E9BFBC8CD6DB4077950',
  'total_fee' => '3000',
  'transaction_id' => '1002480102201507230459133595',
)
[2015-07-29 18:25:59][debug] 2015-07-29 18:25:59 : array (
  'appid' => 'wxab9245b9041049b0',
  'cash_fee' => '3000',
  'cash_refund_fee' => '3000',
  'coupon_refund_count' => '0',
  'coupon_refund_fee' => '0',
  'mch_id' => '1243542602',
  'nonce_str' => 'LvdKOO0HuuTLhQd8',
  'out_refund_no' => '124354260220150729182559',
  'out_trade_no' => '3700',
  'refund_channel' => 
  array (
  ),
  'refund_fee' => '3000',
  'refund_id' => '2006010102201507290021789658',
  'result_code' => 'SUCCESS',
  'return_code' => 'SUCCESS',
  'return_msg' => 'OK',
  'sign' => '6D0124A28B05DA757DB779B43235AE6D',
  'total_fee' => '3000',
  'transaction_id' => '1006010102201507240469390939',
)
[2015-07-29 18:27:36][debug] 2015-07-29 18:27:36 : array (
  'appid' => 'wxab9245b9041049b0',
  'cash_fee' => '3000',
  'cash_refund_fee' => '3000',
  'coupon_refund_count' => '0',
  'coupon_refund_fee' => '0',
  'mch_id' => '1243542602',
  'nonce_str' => 'ekSGX4xQYsAswgjw',
  'out_refund_no' => '124354260220150729182736',
  'out_trade_no' => '191',
  'refund_channel' => 
  array (
  ),
  'refund_fee' => '3000',
  'refund_id' => '2003480102201507290021803200',
  'result_code' => 'SUCCESS',
  'return_code' => 'SUCCESS',
  'return_msg' => 'OK',
  'sign' => 'B2C71F2CBD7A3B290DBC3677552CFE46',
  'total_fee' => '3000',
  'transaction_id' => '1003480102201507220455614069',
)
[2015-07-29 18:36:18][debug] 2015-07-29 18:36:18 : array (
  'appid' => 'wxab9245b9041049b0',
  'cash_fee' => '3000',
  'cash_refund_fee' => '3000',
  'coupon_refund_count' => '0',
  'coupon_refund_fee' => '0',
  'mch_id' => '1243542602',
  'nonce_str' => 'w97OcwTDIahnZRQ1',
  'out_refund_no' => '124354260220150729183617',
  'out_trade_no' => '2949',
  'refund_channel' => 
  array (
  ),
  'refund_fee' => '3000',
  'refund_id' => '2008110102201507290021785315',
  'result_code' => 'SUCCESS',
  'return_code' => 'SUCCESS',
  'return_msg' => 'OK',
  'sign' => '67B77F2D09122559892BD6515F31F1C9',
  'total_fee' => '3000',
  'transaction_id' => '1008110102201507230465372722',
)
