[2015-08-31 13:57:15][debug] 2015-08-31 13:57:15 : array (
  'appid' => 'wxab9245b9041049b0',
  'cash_fee' => '3000',
  'cash_refund_fee' => '3000',
  'coupon_refund_count' => '0',
  'coupon_refund_fee' => '0',
  'mch_id' => '1243542602',
  'nonce_str' => 'dnT7PArVGxtLUuI5',
  'out_refund_no' => '124354260220150831135711',
  'out_trade_no' => '3280',
  'refund_channel' => 
  array (
  ),
  'refund_fee' => '3000',
  'refund_id' => '2001750102201508310034634008',
  'result_code' => 'SUCCESS',
  'return_code' => 'SUCCESS',
  'return_msg' => 'OK',
  'sign' => '154841CC4989C30BA979031B81C50D81',
  'total_fee' => '3000',
  'transaction_id' => '1001750102201507240466565118',
)
