[2015-07-24 23:15:43][debug] 2015-07-24 23:15:43 : array (
  'appid' => 'wxab9245b9041049b0',
  'cash_fee' => '3000',
  'cash_refund_fee' => '3000',
  'coupon_refund_count' => '0',
  'coupon_refund_fee' => '0',
  'mch_id' => '1243542602',
  'nonce_str' => 'KCeviNMzAhpKZYhd',
  'out_refund_no' => '124354260220150724231542',
  'out_trade_no' => '822',
  'refund_channel' => 
  array (
  ),
  'refund_fee' => '3000',
  'refund_id' => '2003450102201507240020236041',
  'result_code' => 'SUCCESS',
  'return_code' => 'SUCCESS',
  'return_msg' => 'OK',
  'sign' => '2B49DF5D449D39CE7978C7245DC24869',
  'total_fee' => '3000',
  'transaction_id' => '1003450102201507230460218008',
)
